2023-10-23 14:17:07.315INFO - Log configuration done. Log Dir:./XrayLogs
2023-10-23 14:17:07.321INFO - Test Start Time: 2023-10-23T14:17:07+05:30
2023-10-23 14:17:22.125INFO - Executing : user_launches_web_application
2023-10-23 14:17:56.112INFO - Executing : user_enters_credential_in_login_page
2023-10-23 14:19:54.065ERROR- Error {
  message='DOMException: Failed to execute 'evaluate' on 'Document': The string '(//button[@id='selectFare-STWWM4FF0E']' is not a valid XPath expression.
    at Object.queryAll (<anonymous>:23:25)
    at InjectedScript._queryEngineAll (<anonymous>:4442:49)
    at InjectedScript.querySelectorAll (<anonymous>:4429:30)
    at eval (eval at evaluate (:195:30), <anonymous>:4:35)
    at UtilityScript.evaluate (<anonymous>:197:17)
    at UtilityScript.<anonymous> (<anonymous>:1:44)
=========================== logs ===========================
waiting for locator("xpath=(//button[@id='selectFare-STWWM4FF0E']").first()
============================================================
  name='Error
  stack='Error: DOMException: Failed to execute 'evaluate' on 'Document': The string '(//button[@id='selectFare-STWWM4FF0E']' is not a valid XPath expression.
    at Object.queryAll (<anonymous>:23:25)
    at InjectedScript._queryEngineAll (<anonymous>:4442:49)
    at InjectedScript.querySelectorAll (<anonymous>:4429:30)
    at eval (eval at evaluate (:195:30), <anonymous>:4:35)
    at UtilityScript.evaluate (<anonymous>:197:17)
    at UtilityScript.<anonymous> (<anonymous>:1:44)
=========================== logs ===========================
waiting for locator("xpath=(//button[@id='selectFare-STWWM4FF0E']").first()
============================================================
    at Object.queryAll (<anonymous>:23:25)
    at InjectedScript._queryEngineAll (<anonymous>:4442:49)
    at InjectedScript.querySelectorAll (<anonymous>:4429:30)
    at eval (eval at evaluate (:195:30), <anonymous>:4:35)
    at UtilityScript.evaluate (<anonymous>:197:17)
    at UtilityScript.<anonymous> (<anonymous>:1:44)
    at CRExecutionContext.evaluateWithArguments (C:\Users\Admin\AppData\Local\Temp\playwright-java-7412783313871927300\package\lib\server\chromium\crExecutionContext.js:92:33)
    at async ScopedRace._race (C:\Users\Admin\AppData\Local\Temp\playwright-java-7412783313871927300\package\lib\utils\manualPromise.js:80:14)
    at async evaluateExpression (C:\Users\Admin\AppData\Local\Temp\playwright-java-7412783313871927300\package\lib\server\javascript.js:218:12)
    at async C:\Users\Admin\AppData\Local\Temp\playwright-java-7412783313871927300\package\lib\server\frames.js:937:22
    at async Frame.retryWithProgressAndTimeouts (C:\Users\Admin\AppData\Local\Temp\playwright-java-7412783313871927300\package\lib\server\frames.js:908:24)
    at async C:\Users\Admin\AppData\Local\Temp\playwright-java-7412783313871927300\package\lib\server\frames.js:992:29
    at async ProgressController.run (C:\Users\Admin\AppData\Local\Temp\playwright-java-7412783313871927300\package\lib\server\progress.js:92:22)
    at async FrameDispatcher.click (C:\Users\Admin\AppData\Local\Temp\playwright-java-7412783313871927300\package\lib\server\dispatchers\frameDispatcher.js:149:12)
    at async DispatcherConnection.dispatch (C:\Users\Admin\AppData\Local\Temp\playwright-java-7412783313871927300\package\lib\server\dispatchers\dispatcher.js:312:22)
}
2023-10-23 14:20:25.335INFO - Generating OverviewReport startedOverviewReport{targetDirectoryPath='./Reports/LH_Mon_Oct_23_14_20_25_IST_2023/', outputName='CucumberResultsOverview_LH_Mon_Oct_23_14_20_25_IST_2023', templatePath='./custom_templates/templates.json', sourceName='target/cucumber.json'}
2023-10-23 14:20:25.989INFO - Generating DetailedReport completed C:\Users\Admin\Desktop\rebook\ReachExtension\ReachExtension\Reports\LH_Mon_Oct_23_14_20_25_IST_2023\CucumberResultsOverview_LH_Mon_Oct_23_14_20_25_IST_2023-feature-overview.html
2023-10-23 14:20:25.991INFO - Generating DetailedReport startedDetailedReport{targetDirectoryPath='./Reports/LH_Mon_Oct_23_14_20_25_IST_2023/', outputName='CucumberDetailedResults_LH_Mon_Oct_23_14_20_25_IST_2023', templatePath='./custom_templates/templates.json', sourceName='target/cucumber.json', screenShotLocation='images/resources/'}
2023-10-23 14:20:26.111INFO - Generating DetailedReport completed C:\Users\Admin\Desktop\rebook\ReachExtension\ReachExtension\Reports\LH_Mon_Oct_23_14_20_25_IST_2023\CucumberDetailedResults_LH_Mon_Oct_23_14_20_25_IST_2023-test-results.html
2023-10-23 14:20:26.116INFO - Generating OverviewDetailedCombinedReport startedOverviewDetailedCombinedReport{targetDirectoryPath='./Reports/LH_Mon_Oct_23_14_20_25_IST_2023/', outputName='OverviewDetailedReport_LH_Mon_Oct_23_14_20_25_IST_2023', templatePath='./custom_templates/templates.json', sourceName='target/cucumber.json', itemInfos=[com.github.mkolisnyk.cucumber.reporting.types.consolidated.ConsolidatedItemInfo@1869f114, com.github.mkolisnyk.cucumber.reporting.types.consolidated.ConsolidatedItemInfo@488b50ec]}
2023-10-23 14:20:26.228INFO - Generating OverviewDetailedCombinedReport completed C:\Users\Admin\Desktop\rebook\ReachExtension\ReachExtension\Reports\LH_Mon_Oct_23_14_20_25_IST_2023\OverviewDetailedReport_LH_Mon_Oct_23_14_20_25_IST_2023-.html
2023-10-23 14:20:26.229INFO - .\Reports\LH_Mon_Oct_23_14_20_25_IST_2023\OverviewDetailedReport_LH_Mon_Oct_23_14_20_25_IST_2023-.html
